<?xml version="1.0" encoding="UTF-8"?>
<!-- Generated by org.testng.reporters.JUnitReportReporter -->
<testsuite skipped="0" hostname="DESKTOP-QCV819S" name="screentest.test.ScreenTest1" tests="1" failures="0" timestamp="2022-05-18T18:33:18 IST" time="83.578" errors="0">
  <testcase name="SetUp_method" time="83.578" classname="screentest.test.ScreenTest1"/>
  <system-out/>
</testsuite> <!-- screentest.test.ScreenTest1 -->
